<?xml version="1.0" encoding="UTF-8"?>
<testng-results ignored="0" total="5" passed="5" failed="0" skipped="0">
  <reporter-output>
  </reporter-output>
  <suite started-at="2022-01-17T15:06:35 CET" name="AllTestsSuite" finished-at="2022-01-17T15:09:07 CET" duration-ms="151979">
    <groups>
    </groups>
    <test started-at="2022-01-17T15:06:35 CET" name="My First Selenium TestNG Test" finished-at="2022-01-17T15:09:07 CET" duration-ms="151979">
      <class name="BlizzardTest">
        <test-method is-config="true" signature="setupTest()[pri:0, instance:BlizzardTest@10683d9d]" started-at="2022-01-17T15:06:35 CET" name="setupTest" finished-at="2022-01-17T15:06:51 CET" duration-ms="15462" status="PASS">
          <reporter-output>
          </reporter-output>
        </test-method> <!-- setupTest -->
        <test-method signature="searchGameTest()[pri:0, instance:BlizzardTest@10683d9d]" started-at="2022-01-17T15:06:51 CET" name="searchGameTest" finished-at="2022-01-17T15:07:02 CET" duration-ms="11198" status="PASS">
          <reporter-output>
          </reporter-output>
        </test-method> <!-- searchGameTest -->
        <test-method is-config="true" signature="teardownTest()[pri:0, instance:BlizzardTest@10683d9d]" started-at="2022-01-17T15:07:02 CET" name="teardownTest" finished-at="2022-01-17T15:07:03 CET" duration-ms="1691" status="PASS">
          <reporter-output>
          </reporter-output>
        </test-method> <!-- teardownTest -->
        <test-method is-config="true" signature="setupTest()[pri:0, instance:BlizzardTest@10683d9d]" started-at="2022-01-17T15:07:03 CET" name="setupTest" finished-at="2022-01-17T15:07:15 CET" duration-ms="11688" status="PASS">
          <reporter-output>
          </reporter-output>
        </test-method> <!-- setupTest -->
        <test-method signature="searchLatestNewsInGameTest()[pri:1, instance:BlizzardTest@10683d9d]" started-at="2022-01-17T15:07:15 CET" name="searchLatestNewsInGameTest" finished-at="2022-01-17T15:07:34 CET" duration-ms="19011" status="PASS">
          <reporter-output>
          </reporter-output>
        </test-method> <!-- searchLatestNewsInGameTest -->
        <test-method is-config="true" signature="teardownTest()[pri:0, instance:BlizzardTest@10683d9d]" started-at="2022-01-17T15:07:34 CET" name="teardownTest" finished-at="2022-01-17T15:07:36 CET" duration-ms="1371" status="PASS">
          <reporter-output>
          </reporter-output>
        </test-method> <!-- teardownTest -->
        <test-method is-config="true" signature="setupTest()[pri:0, instance:BlizzardTest@10683d9d]" started-at="2022-01-17T15:07:36 CET" name="setupTest" finished-at="2022-01-17T15:07:48 CET" duration-ms="12400" status="PASS">
          <reporter-output>
          </reporter-output>
        </test-method> <!-- setupTest -->
        <test-method signature="findGameRequirementsInShopTest()[pri:2, instance:BlizzardTest@10683d9d]" started-at="2022-01-17T15:07:48 CET" name="findGameRequirementsInShopTest" finished-at="2022-01-17T15:08:09 CET" duration-ms="20771" status="PASS">
          <reporter-output>
          </reporter-output>
        </test-method> <!-- findGameRequirementsInShopTest -->
        <test-method is-config="true" signature="teardownTest()[pri:0, instance:BlizzardTest@10683d9d]" started-at="2022-01-17T15:08:09 CET" name="teardownTest" finished-at="2022-01-17T15:08:10 CET" duration-ms="1466" status="PASS">
          <reporter-output>
          </reporter-output>
        </test-method> <!-- teardownTest -->
        <test-method is-config="true" signature="setupTest()[pri:0, instance:BlizzardTest@10683d9d]" started-at="2022-01-17T15:08:10 CET" name="setupTest" finished-at="2022-01-17T15:08:20 CET" duration-ms="9421" status="PASS">
          <reporter-output>
          </reporter-output>
        </test-method> <!-- setupTest -->
        <test-method signature="searchEsportScheduleTest()[pri:3, instance:BlizzardTest@10683d9d]" started-at="2022-01-17T15:08:20 CET" name="searchEsportScheduleTest" finished-at="2022-01-17T15:08:35 CET" duration-ms="15627" status="PASS">
          <reporter-output>
          </reporter-output>
        </test-method> <!-- searchEsportScheduleTest -->
        <test-method is-config="true" signature="teardownTest()[pri:0, instance:BlizzardTest@10683d9d]" started-at="2022-01-17T15:08:35 CET" name="teardownTest" finished-at="2022-01-17T15:08:37 CET" duration-ms="1525" status="PASS">
          <reporter-output>
          </reporter-output>
        </test-method> <!-- teardownTest -->
        <test-method is-config="true" signature="setupTest()[pri:0, instance:BlizzardTest@10683d9d]" started-at="2022-01-17T15:08:37 CET" name="setupTest" finished-at="2022-01-17T15:08:46 CET" duration-ms="9031" status="PASS">
          <reporter-output>
          </reporter-output>
        </test-method> <!-- setupTest -->
        <test-method signature="fillContactSupportTicketTest()[pri:4, instance:BlizzardTest@10683d9d]" started-at="2022-01-17T15:08:46 CET" name="fillContactSupportTicketTest" finished-at="2022-01-17T15:09:05 CET" duration-ms="19712" status="PASS">
          <reporter-output>
          </reporter-output>
        </test-method> <!-- fillContactSupportTicketTest -->
        <test-method is-config="true" signature="teardownTest()[pri:0, instance:BlizzardTest@10683d9d]" started-at="2022-01-17T15:09:05 CET" name="teardownTest" finished-at="2022-01-17T15:09:07 CET" duration-ms="1523" status="PASS">
          <reporter-output>
          </reporter-output>
        </test-method> <!-- teardownTest -->
      </class> <!-- BlizzardTest -->
    </test> <!-- My First Selenium TestNG Test -->
  </suite> <!-- AllTestsSuite -->
</testng-results>
