<?xml version="1.0" encoding="UTF-8"?>
<!-- Generated by org.testng.reporters.JUnitXMLReporter -->
<testsuite ignored="0" hostname="DESKTOP-SFCS5A8" failures="0" tests="5" name="My First Selenium TestNG Test" time="151.979" errors="0" timestamp="2022-01-17T15:09:07 CET">
  <testcase classname="BlizzardTest" name="searchGameTest" time="11.198"/>
  <testcase classname="BlizzardTest" name="searchLatestNewsInGameTest" time="19.011"/>
  <testcase classname="BlizzardTest" name="findGameRequirementsInShopTest" time="20.771"/>
  <testcase classname="BlizzardTest" name="searchEsportScheduleTest" time="15.627"/>
  <testcase classname="BlizzardTest" name="fillContactSupportTicketTest" time="19.712"/>
</testsuite> <!-- My First Selenium TestNG Test -->
